[23-Jun-2025 14:19:48 Europe/Berlin] PHP Warning:  Undefined array key "role_id" in C:\xampp\htdocs\pixellink-assistants-main\admin\manage_users.php on line 15
[23-Jun-2025 14:19:52 Europe/Berlin] PHP Warning:  Undefined array key "role_id" in C:\xampp\htdocs\pixellink-assistants-main\admin\manage_users.php on line 15
[30-Jun-2025 22:06:56 Asia/Bangkok] PHP Warning:  include(import_style.php): Failed to open stream: No such file or directory in C:\xampp\htdocs\pixellink-assistants-main\admin\main.php on line 208
[30-Jun-2025 22:06:56 Asia/Bangkok] PHP Warning:  include(): Failed opening 'import_style.php' for inclusion (include_path='C:\xampp\php\PEAR') in C:\xampp\htdocs\pixellink-assistants-main\admin\main.php on line 208
[30-Jun-2025 22:06:56 Asia/Bangkok] PHP Warning:  include(menu_left.php): Failed to open stream: No such file or directory in C:\xampp\htdocs\pixellink-assistants-main\admin\main.php on line 240
[30-Jun-2025 22:06:56 Asia/Bangkok] PHP Warning:  include(): Failed opening 'menu_left.php' for inclusion (include_path='C:\xampp\php\PEAR') in C:\xampp\htdocs\pixellink-assistants-main\admin\main.php on line 240
[30-Jun-2025 22:06:56 Asia/Bangkok] PHP Warning:  include(import_script.php): Failed to open stream: No such file or directory in C:\xampp\htdocs\pixellink-assistants-main\admin\main.php on line 434
[30-Jun-2025 22:06:56 Asia/Bangkok] PHP Warning:  include(): Failed opening 'import_script.php' for inclusion (include_path='C:\xampp\php\PEAR') in C:\xampp\htdocs\pixellink-assistants-main\admin\main.php on line 434
[30-Jun-2025 22:11:54 Asia/Bangkok] PHP Warning:  include(import_style.php): Failed to open stream: No such file or directory in C:\xampp\htdocs\pixellink-assistants-main\admin\main.php on line 207
[30-Jun-2025 22:11:54 Asia/Bangkok] PHP Warning:  include(): Failed opening 'import_style.php' for inclusion (include_path='C:\xampp\php\PEAR') in C:\xampp\htdocs\pixellink-assistants-main\admin\main.php on line 207
[30-Jun-2025 22:11:54 Asia/Bangkok] PHP Warning:  include(menu_left.php): Failed to open stream: No such file or directory in C:\xampp\htdocs\pixellink-assistants-main\admin\main.php on line 239
[30-Jun-2025 22:11:54 Asia/Bangkok] PHP Warning:  include(): Failed opening 'menu_left.php' for inclusion (include_path='C:\xampp\php\PEAR') in C:\xampp\htdocs\pixellink-assistants-main\admin\main.php on line 239
[30-Jun-2025 22:11:54 Asia/Bangkok] PHP Warning:  include(import_script.php): Failed to open stream: No such file or directory in C:\xampp\htdocs\pixellink-assistants-main\admin\main.php on line 433
[30-Jun-2025 22:11:54 Asia/Bangkok] PHP Warning:  include(): Failed opening 'import_script.php' for inclusion (include_path='C:\xampp\php\PEAR') in C:\xampp\htdocs\pixellink-assistants-main\admin\main.php on line 433
[30-Jun-2025 22:11:55 Asia/Bangkok] PHP Warning:  include(import_style.php): Failed to open stream: No such file or directory in C:\xampp\htdocs\pixellink-assistants-main\admin\main.php on line 207
[30-Jun-2025 22:11:55 Asia/Bangkok] PHP Warning:  include(): Failed opening 'import_style.php' for inclusion (include_path='C:\xampp\php\PEAR') in C:\xampp\htdocs\pixellink-assistants-main\admin\main.php on line 207
[30-Jun-2025 22:11:55 Asia/Bangkok] PHP Warning:  include(menu_left.php): Failed to open stream: No such file or directory in C:\xampp\htdocs\pixellink-assistants-main\admin\main.php on line 239
[30-Jun-2025 22:11:55 Asia/Bangkok] PHP Warning:  include(): Failed opening 'menu_left.php' for inclusion (include_path='C:\xampp\php\PEAR') in C:\xampp\htdocs\pixellink-assistants-main\admin\main.php on line 239
[30-Jun-2025 22:11:55 Asia/Bangkok] PHP Warning:  include(import_script.php): Failed to open stream: No such file or directory in C:\xampp\htdocs\pixellink-assistants-main\admin\main.php on line 433
[30-Jun-2025 22:11:55 Asia/Bangkok] PHP Warning:  include(): Failed opening 'import_script.php' for inclusion (include_path='C:\xampp\php\PEAR') in C:\xampp\htdocs\pixellink-assistants-main\admin\main.php on line 433
[30-Jun-2025 22:11:55 Asia/Bangkok] PHP Warning:  include(import_style.php): Failed to open stream: No such file or directory in C:\xampp\htdocs\pixellink-assistants-main\admin\main.php on line 207
[30-Jun-2025 22:11:55 Asia/Bangkok] PHP Warning:  include(): Failed opening 'import_style.php' for inclusion (include_path='C:\xampp\php\PEAR') in C:\xampp\htdocs\pixellink-assistants-main\admin\main.php on line 207
[30-Jun-2025 22:11:55 Asia/Bangkok] PHP Warning:  include(menu_left.php): Failed to open stream: No such file or directory in C:\xampp\htdocs\pixellink-assistants-main\admin\main.php on line 239
[30-Jun-2025 22:11:55 Asia/Bangkok] PHP Warning:  include(): Failed opening 'menu_left.php' for inclusion (include_path='C:\xampp\php\PEAR') in C:\xampp\htdocs\pixellink-assistants-main\admin\main.php on line 239
[30-Jun-2025 22:11:55 Asia/Bangkok] PHP Warning:  include(import_script.php): Failed to open stream: No such file or directory in C:\xampp\htdocs\pixellink-assistants-main\admin\main.php on line 433
[30-Jun-2025 22:11:55 Asia/Bangkok] PHP Warning:  include(): Failed opening 'import_script.php' for inclusion (include_path='C:\xampp\php\PEAR') in C:\xampp\htdocs\pixellink-assistants-main\admin\main.php on line 433
[30-Jun-2025 22:11:55 Asia/Bangkok] PHP Warning:  include(import_style.php): Failed to open stream: No such file or directory in C:\xampp\htdocs\pixellink-assistants-main\admin\main.php on line 207
[30-Jun-2025 22:11:55 Asia/Bangkok] PHP Warning:  include(): Failed opening 'import_style.php' for inclusion (include_path='C:\xampp\php\PEAR') in C:\xampp\htdocs\pixellink-assistants-main\admin\main.php on line 207
[30-Jun-2025 22:11:55 Asia/Bangkok] PHP Warning:  include(menu_left.php): Failed to open stream: No such file or directory in C:\xampp\htdocs\pixellink-assistants-main\admin\main.php on line 239
[30-Jun-2025 22:11:55 Asia/Bangkok] PHP Warning:  include(): Failed opening 'menu_left.php' for inclusion (include_path='C:\xampp\php\PEAR') in C:\xampp\htdocs\pixellink-assistants-main\admin\main.php on line 239
[30-Jun-2025 22:11:55 Asia/Bangkok] PHP Warning:  include(import_script.php): Failed to open stream: No such file or directory in C:\xampp\htdocs\pixellink-assistants-main\admin\main.php on line 433
[30-Jun-2025 22:11:55 Asia/Bangkok] PHP Warning:  include(): Failed opening 'import_script.php' for inclusion (include_path='C:\xampp\php\PEAR') in C:\xampp\htdocs\pixellink-assistants-main\admin\main.php on line 433
[30-Jun-2025 22:11:55 Asia/Bangkok] PHP Warning:  include(import_style.php): Failed to open stream: No such file or directory in C:\xampp\htdocs\pixellink-assistants-main\admin\main.php on line 207
[30-Jun-2025 22:11:55 Asia/Bangkok] PHP Warning:  include(): Failed opening 'import_style.php' for inclusion (include_path='C:\xampp\php\PEAR') in C:\xampp\htdocs\pixellink-assistants-main\admin\main.php on line 207
[30-Jun-2025 22:11:55 Asia/Bangkok] PHP Warning:  include(menu_left.php): Failed to open stream: No such file or directory in C:\xampp\htdocs\pixellink-assistants-main\admin\main.php on line 239
[30-Jun-2025 22:11:55 Asia/Bangkok] PHP Warning:  include(): Failed opening 'menu_left.php' for inclusion (include_path='C:\xampp\php\PEAR') in C:\xampp\htdocs\pixellink-assistants-main\admin\main.php on line 239
[30-Jun-2025 22:11:55 Asia/Bangkok] PHP Warning:  include(import_script.php): Failed to open stream: No such file or directory in C:\xampp\htdocs\pixellink-assistants-main\admin\main.php on line 433
[30-Jun-2025 22:11:55 Asia/Bangkok] PHP Warning:  include(): Failed opening 'import_script.php' for inclusion (include_path='C:\xampp\php\PEAR') in C:\xampp\htdocs\pixellink-assistants-main\admin\main.php on line 433
[30-Jun-2025 22:11:56 Asia/Bangkok] PHP Warning:  include(import_style.php): Failed to open stream: No such file or directory in C:\xampp\htdocs\pixellink-assistants-main\admin\main.php on line 207
[30-Jun-2025 22:11:56 Asia/Bangkok] PHP Warning:  include(): Failed opening 'import_style.php' for inclusion (include_path='C:\xampp\php\PEAR') in C:\xampp\htdocs\pixellink-assistants-main\admin\main.php on line 207
[30-Jun-2025 22:11:56 Asia/Bangkok] PHP Warning:  include(menu_left.php): Failed to open stream: No such file or directory in C:\xampp\htdocs\pixellink-assistants-main\admin\main.php on line 239
[30-Jun-2025 22:11:56 Asia/Bangkok] PHP Warning:  include(): Failed opening 'menu_left.php' for inclusion (include_path='C:\xampp\php\PEAR') in C:\xampp\htdocs\pixellink-assistants-main\admin\main.php on line 239
[30-Jun-2025 22:11:56 Asia/Bangkok] PHP Warning:  include(import_script.php): Failed to open stream: No such file or directory in C:\xampp\htdocs\pixellink-assistants-main\admin\main.php on line 433
[30-Jun-2025 22:11:56 Asia/Bangkok] PHP Warning:  include(): Failed opening 'import_script.php' for inclusion (include_path='C:\xampp\php\PEAR') in C:\xampp\htdocs\pixellink-assistants-main\admin\main.php on line 433
[30-Jun-2025 22:11:56 Asia/Bangkok] PHP Warning:  include(import_style.php): Failed to open stream: No such file or directory in C:\xampp\htdocs\pixellink-assistants-main\admin\main.php on line 207
[30-Jun-2025 22:11:56 Asia/Bangkok] PHP Warning:  include(): Failed opening 'import_style.php' for inclusion (include_path='C:\xampp\php\PEAR') in C:\xampp\htdocs\pixellink-assistants-main\admin\main.php on line 207
[30-Jun-2025 22:11:56 Asia/Bangkok] PHP Warning:  include(menu_left.php): Failed to open stream: No such file or directory in C:\xampp\htdocs\pixellink-assistants-main\admin\main.php on line 239
[30-Jun-2025 22:11:56 Asia/Bangkok] PHP Warning:  include(): Failed opening 'menu_left.php' for inclusion (include_path='C:\xampp\php\PEAR') in C:\xampp\htdocs\pixellink-assistants-main\admin\main.php on line 239
[30-Jun-2025 22:11:56 Asia/Bangkok] PHP Warning:  include(import_script.php): Failed to open stream: No such file or directory in C:\xampp\htdocs\pixellink-assistants-main\admin\main.php on line 433
[30-Jun-2025 22:11:56 Asia/Bangkok] PHP Warning:  include(): Failed opening 'import_script.php' for inclusion (include_path='C:\xampp\php\PEAR') in C:\xampp\htdocs\pixellink-assistants-main\admin\main.php on line 433
[30-Jun-2025 22:12:33 Asia/Bangkok] PHP Warning:  include(import_style.php): Failed to open stream: No such file or directory in C:\xampp\htdocs\pixellink-assistants-main\admin\main.php on line 207
[30-Jun-2025 22:12:33 Asia/Bangkok] PHP Warning:  include(): Failed opening 'import_style.php' for inclusion (include_path='C:\xampp\php\PEAR') in C:\xampp\htdocs\pixellink-assistants-main\admin\main.php on line 207
[30-Jun-2025 22:12:33 Asia/Bangkok] PHP Warning:  include(menu_left.php): Failed to open stream: No such file or directory in C:\xampp\htdocs\pixellink-assistants-main\admin\main.php on line 239
[30-Jun-2025 22:12:33 Asia/Bangkok] PHP Warning:  include(): Failed opening 'menu_left.php' for inclusion (include_path='C:\xampp\php\PEAR') in C:\xampp\htdocs\pixellink-assistants-main\admin\main.php on line 239
[30-Jun-2025 22:12:33 Asia/Bangkok] PHP Warning:  include(import_script.php): Failed to open stream: No such file or directory in C:\xampp\htdocs\pixellink-assistants-main\admin\main.php on line 433
[30-Jun-2025 22:12:33 Asia/Bangkok] PHP Warning:  include(): Failed opening 'import_script.php' for inclusion (include_path='C:\xampp\php\PEAR') in C:\xampp\htdocs\pixellink-assistants-main\admin\main.php on line 433
[30-Jun-2025 22:14:18 Asia/Bangkok] PHP Warning:  include(../import_style.php): Failed to open stream: No such file or directory in C:\xampp\htdocs\pixellink-assistants-main\admin\main.php on line 207
[30-Jun-2025 22:14:18 Asia/Bangkok] PHP Warning:  include(): Failed opening '../import_style.php' for inclusion (include_path='C:\xampp\php\PEAR') in C:\xampp\htdocs\pixellink-assistants-main\admin\main.php on line 207
[30-Jun-2025 22:14:18 Asia/Bangkok] PHP Warning:  include(../header.php): Failed to open stream: No such file or directory in C:\xampp\htdocs\pixellink-assistants-main\admin\main.php on line 238
[30-Jun-2025 22:14:18 Asia/Bangkok] PHP Warning:  include(): Failed opening '../header.php' for inclusion (include_path='C:\xampp\php\PEAR') in C:\xampp\htdocs\pixellink-assistants-main\admin\main.php on line 238
[30-Jun-2025 22:14:18 Asia/Bangkok] PHP Warning:  include(../menu_left.php): Failed to open stream: No such file or directory in C:\xampp\htdocs\pixellink-assistants-main\admin\main.php on line 239
[30-Jun-2025 22:14:18 Asia/Bangkok] PHP Warning:  include(): Failed opening '../menu_left.php' for inclusion (include_path='C:\xampp\php\PEAR') in C:\xampp\htdocs\pixellink-assistants-main\admin\main.php on line 239
[30-Jun-2025 22:14:18 Asia/Bangkok] PHP Warning:  include(../footer.php): Failed to open stream: No such file or directory in C:\xampp\htdocs\pixellink-assistants-main\admin\main.php on line 429
[30-Jun-2025 22:14:18 Asia/Bangkok] PHP Warning:  include(): Failed opening '../footer.php' for inclusion (include_path='C:\xampp\php\PEAR') in C:\xampp\htdocs\pixellink-assistants-main\admin\main.php on line 429
[30-Jun-2025 22:14:18 Asia/Bangkok] PHP Warning:  include(../import_script.php): Failed to open stream: No such file or directory in C:\xampp\htdocs\pixellink-assistants-main\admin\main.php on line 433
[30-Jun-2025 22:14:18 Asia/Bangkok] PHP Warning:  include(): Failed opening '../import_script.php' for inclusion (include_path='C:\xampp\php\PEAR') in C:\xampp\htdocs\pixellink-assistants-main\admin\main.php on line 433
[30-Jun-2025 22:14:19 Asia/Bangkok] PHP Warning:  include(../import_style.php): Failed to open stream: No such file or directory in C:\xampp\htdocs\pixellink-assistants-main\admin\main.php on line 207
[30-Jun-2025 22:14:19 Asia/Bangkok] PHP Warning:  include(): Failed opening '../import_style.php' for inclusion (include_path='C:\xampp\php\PEAR') in C:\xampp\htdocs\pixellink-assistants-main\admin\main.php on line 207
[30-Jun-2025 22:14:19 Asia/Bangkok] PHP Warning:  include(../header.php): Failed to open stream: No such file or directory in C:\xampp\htdocs\pixellink-assistants-main\admin\main.php on line 238
[30-Jun-2025 22:14:19 Asia/Bangkok] PHP Warning:  include(): Failed opening '../header.php' for inclusion (include_path='C:\xampp\php\PEAR') in C:\xampp\htdocs\pixellink-assistants-main\admin\main.php on line 238
[30-Jun-2025 22:14:19 Asia/Bangkok] PHP Warning:  include(../menu_left.php): Failed to open stream: No such file or directory in C:\xampp\htdocs\pixellink-assistants-main\admin\main.php on line 239
[30-Jun-2025 22:14:19 Asia/Bangkok] PHP Warning:  include(): Failed opening '../menu_left.php' for inclusion (include_path='C:\xampp\php\PEAR') in C:\xampp\htdocs\pixellink-assistants-main\admin\main.php on line 239
[30-Jun-2025 22:14:19 Asia/Bangkok] PHP Warning:  include(../footer.php): Failed to open stream: No such file or directory in C:\xampp\htdocs\pixellink-assistants-main\admin\main.php on line 429
[30-Jun-2025 22:14:19 Asia/Bangkok] PHP Warning:  include(): Failed opening '../footer.php' for inclusion (include_path='C:\xampp\php\PEAR') in C:\xampp\htdocs\pixellink-assistants-main\admin\main.php on line 429
[30-Jun-2025 22:14:19 Asia/Bangkok] PHP Warning:  include(../import_script.php): Failed to open stream: No such file or directory in C:\xampp\htdocs\pixellink-assistants-main\admin\main.php on line 433
[30-Jun-2025 22:14:19 Asia/Bangkok] PHP Warning:  include(): Failed opening '../import_script.php' for inclusion (include_path='C:\xampp\php\PEAR') in C:\xampp\htdocs\pixellink-assistants-main\admin\main.php on line 433
[30-Jun-2025 22:14:19 Asia/Bangkok] PHP Warning:  include(../import_style.php): Failed to open stream: No such file or directory in C:\xampp\htdocs\pixellink-assistants-main\admin\main.php on line 207
[30-Jun-2025 22:14:19 Asia/Bangkok] PHP Warning:  include(): Failed opening '../import_style.php' for inclusion (include_path='C:\xampp\php\PEAR') in C:\xampp\htdocs\pixellink-assistants-main\admin\main.php on line 207
[30-Jun-2025 22:14:19 Asia/Bangkok] PHP Warning:  include(../header.php): Failed to open stream: No such file or directory in C:\xampp\htdocs\pixellink-assistants-main\admin\main.php on line 238
[30-Jun-2025 22:14:19 Asia/Bangkok] PHP Warning:  include(): Failed opening '../header.php' for inclusion (include_path='C:\xampp\php\PEAR') in C:\xampp\htdocs\pixellink-assistants-main\admin\main.php on line 238
[30-Jun-2025 22:14:19 Asia/Bangkok] PHP Warning:  include(../menu_left.php): Failed to open stream: No such file or directory in C:\xampp\htdocs\pixellink-assistants-main\admin\main.php on line 239
[30-Jun-2025 22:14:19 Asia/Bangkok] PHP Warning:  include(): Failed opening '../menu_left.php' for inclusion (include_path='C:\xampp\php\PEAR') in C:\xampp\htdocs\pixellink-assistants-main\admin\main.php on line 239
[30-Jun-2025 22:14:19 Asia/Bangkok] PHP Warning:  include(../footer.php): Failed to open stream: No such file or directory in C:\xampp\htdocs\pixellink-assistants-main\admin\main.php on line 429
[30-Jun-2025 22:14:19 Asia/Bangkok] PHP Warning:  include(): Failed opening '../footer.php' for inclusion (include_path='C:\xampp\php\PEAR') in C:\xampp\htdocs\pixellink-assistants-main\admin\main.php on line 429
[30-Jun-2025 22:14:19 Asia/Bangkok] PHP Warning:  include(../import_script.php): Failed to open stream: No such file or directory in C:\xampp\htdocs\pixellink-assistants-main\admin\main.php on line 433
[30-Jun-2025 22:14:19 Asia/Bangkok] PHP Warning:  include(): Failed opening '../import_script.php' for inclusion (include_path='C:\xampp\php\PEAR') in C:\xampp\htdocs\pixellink-assistants-main\admin\main.php on line 433
[30-Jun-2025 22:14:19 Asia/Bangkok] PHP Warning:  include(../import_style.php): Failed to open stream: No such file or directory in C:\xampp\htdocs\pixellink-assistants-main\admin\main.php on line 207
[30-Jun-2025 22:14:19 Asia/Bangkok] PHP Warning:  include(): Failed opening '../import_style.php' for inclusion (include_path='C:\xampp\php\PEAR') in C:\xampp\htdocs\pixellink-assistants-main\admin\main.php on line 207
[30-Jun-2025 22:14:19 Asia/Bangkok] PHP Warning:  include(../header.php): Failed to open stream: No such file or directory in C:\xampp\htdocs\pixellink-assistants-main\admin\main.php on line 238
[30-Jun-2025 22:14:19 Asia/Bangkok] PHP Warning:  include(): Failed opening '../header.php' for inclusion (include_path='C:\xampp\php\PEAR') in C:\xampp\htdocs\pixellink-assistants-main\admin\main.php on line 238
[30-Jun-2025 22:14:19 Asia/Bangkok] PHP Warning:  include(../menu_left.php): Failed to open stream: No such file or directory in C:\xampp\htdocs\pixellink-assistants-main\admin\main.php on line 239
[30-Jun-2025 22:14:19 Asia/Bangkok] PHP Warning:  include(): Failed opening '../menu_left.php' for inclusion (include_path='C:\xampp\php\PEAR') in C:\xampp\htdocs\pixellink-assistants-main\admin\main.php on line 239
[30-Jun-2025 22:14:19 Asia/Bangkok] PHP Warning:  include(../footer.php): Failed to open stream: No such file or directory in C:\xampp\htdocs\pixellink-assistants-main\admin\main.php on line 429
[30-Jun-2025 22:14:19 Asia/Bangkok] PHP Warning:  include(): Failed opening '../footer.php' for inclusion (include_path='C:\xampp\php\PEAR') in C:\xampp\htdocs\pixellink-assistants-main\admin\main.php on line 429
[30-Jun-2025 22:14:19 Asia/Bangkok] PHP Warning:  include(../import_script.php): Failed to open stream: No such file or directory in C:\xampp\htdocs\pixellink-assistants-main\admin\main.php on line 433
[30-Jun-2025 22:14:19 Asia/Bangkok] PHP Warning:  include(): Failed opening '../import_script.php' for inclusion (include_path='C:\xampp\php\PEAR') in C:\xampp\htdocs\pixellink-assistants-main\admin\main.php on line 433
[30-Jun-2025 22:14:20 Asia/Bangkok] PHP Warning:  include(../import_style.php): Failed to open stream: No such file or directory in C:\xampp\htdocs\pixellink-assistants-main\admin\main.php on line 207
[30-Jun-2025 22:14:20 Asia/Bangkok] PHP Warning:  include(): Failed opening '../import_style.php' for inclusion (include_path='C:\xampp\php\PEAR') in C:\xampp\htdocs\pixellink-assistants-main\admin\main.php on line 207
[30-Jun-2025 22:14:20 Asia/Bangkok] PHP Warning:  include(../header.php): Failed to open stream: No such file or directory in C:\xampp\htdocs\pixellink-assistants-main\admin\main.php on line 238
[30-Jun-2025 22:14:20 Asia/Bangkok] PHP Warning:  include(): Failed opening '../header.php' for inclusion (include_path='C:\xampp\php\PEAR') in C:\xampp\htdocs\pixellink-assistants-main\admin\main.php on line 238
[30-Jun-2025 22:14:20 Asia/Bangkok] PHP Warning:  include(../menu_left.php): Failed to open stream: No such file or directory in C:\xampp\htdocs\pixellink-assistants-main\admin\main.php on line 239
[30-Jun-2025 22:14:20 Asia/Bangkok] PHP Warning:  include(): Failed opening '../menu_left.php' for inclusion (include_path='C:\xampp\php\PEAR') in C:\xampp\htdocs\pixellink-assistants-main\admin\main.php on line 239
[30-Jun-2025 22:14:20 Asia/Bangkok] PHP Warning:  include(../footer.php): Failed to open stream: No such file or directory in C:\xampp\htdocs\pixellink-assistants-main\admin\main.php on line 429
[30-Jun-2025 22:14:20 Asia/Bangkok] PHP Warning:  include(): Failed opening '../footer.php' for inclusion (include_path='C:\xampp\php\PEAR') in C:\xampp\htdocs\pixellink-assistants-main\admin\main.php on line 429
[30-Jun-2025 22:14:20 Asia/Bangkok] PHP Warning:  include(../import_script.php): Failed to open stream: No such file or directory in C:\xampp\htdocs\pixellink-assistants-main\admin\main.php on line 433
[30-Jun-2025 22:14:20 Asia/Bangkok] PHP Warning:  include(): Failed opening '../import_script.php' for inclusion (include_path='C:\xampp\php\PEAR') in C:\xampp\htdocs\pixellink-assistants-main\admin\main.php on line 433
[30-Jun-2025 22:14:20 Asia/Bangkok] PHP Warning:  include(../import_style.php): Failed to open stream: No such file or directory in C:\xampp\htdocs\pixellink-assistants-main\admin\main.php on line 207
[30-Jun-2025 22:14:20 Asia/Bangkok] PHP Warning:  include(): Failed opening '../import_style.php' for inclusion (include_path='C:\xampp\php\PEAR') in C:\xampp\htdocs\pixellink-assistants-main\admin\main.php on line 207
[30-Jun-2025 22:14:20 Asia/Bangkok] PHP Warning:  include(../header.php): Failed to open stream: No such file or directory in C:\xampp\htdocs\pixellink-assistants-main\admin\main.php on line 238
[30-Jun-2025 22:14:20 Asia/Bangkok] PHP Warning:  include(): Failed opening '../header.php' for inclusion (include_path='C:\xampp\php\PEAR') in C:\xampp\htdocs\pixellink-assistants-main\admin\main.php on line 238
[30-Jun-2025 22:14:20 Asia/Bangkok] PHP Warning:  include(../menu_left.php): Failed to open stream: No such file or directory in C:\xampp\htdocs\pixellink-assistants-main\admin\main.php on line 239
[30-Jun-2025 22:14:20 Asia/Bangkok] PHP Warning:  include(): Failed opening '../menu_left.php' for inclusion (include_path='C:\xampp\php\PEAR') in C:\xampp\htdocs\pixellink-assistants-main\admin\main.php on line 239
[30-Jun-2025 22:14:20 Asia/Bangkok] PHP Warning:  include(../footer.php): Failed to open stream: No such file or directory in C:\xampp\htdocs\pixellink-assistants-main\admin\main.php on line 429
[30-Jun-2025 22:14:20 Asia/Bangkok] PHP Warning:  include(): Failed opening '../footer.php' for inclusion (include_path='C:\xampp\php\PEAR') in C:\xampp\htdocs\pixellink-assistants-main\admin\main.php on line 429
[30-Jun-2025 22:14:20 Asia/Bangkok] PHP Warning:  include(../import_script.php): Failed to open stream: No such file or directory in C:\xampp\htdocs\pixellink-assistants-main\admin\main.php on line 433
[30-Jun-2025 22:14:20 Asia/Bangkok] PHP Warning:  include(): Failed opening '../import_script.php' for inclusion (include_path='C:\xampp\php\PEAR') in C:\xampp\htdocs\pixellink-assistants-main\admin\main.php on line 433
[30-Jun-2025 22:14:34 Asia/Bangkok] PHP Warning:  include(import_style.php): Failed to open stream: No such file or directory in C:\xampp\htdocs\pixellink-assistants-main\admin\main.php on line 207
[30-Jun-2025 22:14:34 Asia/Bangkok] PHP Warning:  include(): Failed opening 'import_style.php' for inclusion (include_path='C:\xampp\php\PEAR') in C:\xampp\htdocs\pixellink-assistants-main\admin\main.php on line 207
[30-Jun-2025 22:14:34 Asia/Bangkok] PHP Warning:  include(menu_left.php): Failed to open stream: No such file or directory in C:\xampp\htdocs\pixellink-assistants-main\admin\main.php on line 239
[30-Jun-2025 22:14:34 Asia/Bangkok] PHP Warning:  include(): Failed opening 'menu_left.php' for inclusion (include_path='C:\xampp\php\PEAR') in C:\xampp\htdocs\pixellink-assistants-main\admin\main.php on line 239
[30-Jun-2025 22:14:34 Asia/Bangkok] PHP Warning:  include(import_script.php): Failed to open stream: No such file or directory in C:\xampp\htdocs\pixellink-assistants-main\admin\main.php on line 433
[30-Jun-2025 22:14:34 Asia/Bangkok] PHP Warning:  include(): Failed opening 'import_script.php' for inclusion (include_path='C:\xampp\php\PEAR') in C:\xampp\htdocs\pixellink-assistants-main\admin\main.php on line 433
[30-Jun-2025 22:21:14 Asia/Bangkok] PHP Warning:  include(../header.php): Failed to open stream: No such file or directory in C:\xampp\htdocs\pixellink-assistants-main\admin\main.php on line 335
[30-Jun-2025 22:21:14 Asia/Bangkok] PHP Warning:  include(): Failed opening '../header.php' for inclusion (include_path='C:\xampp\php\PEAR') in C:\xampp\htdocs\pixellink-assistants-main\admin\main.php on line 335
[30-Jun-2025 22:21:14 Asia/Bangkok] PHP Warning:  include(../navbar.php): Failed to open stream: No such file or directory in C:\xampp\htdocs\pixellink-assistants-main\admin\main.php on line 336
[30-Jun-2025 22:21:14 Asia/Bangkok] PHP Warning:  include(): Failed opening '../navbar.php' for inclusion (include_path='C:\xampp\php\PEAR') in C:\xampp\htdocs\pixellink-assistants-main\admin\main.php on line 336
[30-Jun-2025 22:21:14 Asia/Bangkok] PHP Warning:  Undefined array key "first_name" in C:\xampp\htdocs\pixellink-assistants-main\admin\main.php on line 348
[30-Jun-2025 22:21:14 Asia/Bangkok] PHP Warning:  Undefined array key "last_name" in C:\xampp\htdocs\pixellink-assistants-main\admin\main.php on line 348
[30-Jun-2025 22:21:14 Asia/Bangkok] PHP Fatal error:  Uncaught Error: Undefined constant "ROOT_PATH" in C:\xampp\htdocs\pixellink-assistants-main\admin\main.php:387
Stack trace:
#0 {main}
  thrown in C:\xampp\htdocs\pixellink-assistants-main\admin\main.php on line 387
